<?xml version="1.0" encoding="UTF-8"?>
<testsuite name="tests.PositiveTestPracticeForm" tests="1" skipped="0" failures="0" errors="0" timestamp="2026-03-12T21:51:05.285Z" hostname="DESKTOP-A8CGM4F" time="6.211">
  <properties/>
  <testcase name="[1] [Text Box, Check Box, Radio Button, Web Tables, Buttons, Links, Broken Links - Images, Upload and Download, Dynamic Properties]" classname="tests.PositiveTestPracticeForm" time="6.211"/>
  <system-out><![CDATA[]]></system-out>
  <system-err><![CDATA[[Test worker] INFO com.codeborne.selenide.WebDriverThreadLocalContainer - No webdriver is bound to current thread: 1 - let's create a new webdriver
мар. 13, 2026 12:51:07 AM org.openqa.selenium.devtools.CdpVersionFinder findNearestMatch
WARNING: Unable to find an exact match for CDP version 145, returning the closest version; found: 144; Please update to a Selenium version that supports CDP version 145
[Test worker] INFO com.codeborne.selenide.webdriver.WebDriverFactory - Selenide 7.14.0 / Selenium 4.40.0 / chrome 145.0.7632.160 windows
]]></system-err>
</testsuite>
