<?xml version="1.0" encoding="UTF-8"?>
<testsuite name="tests.PositiveTestPracticeForm" tests="12" skipped="0" failures="0" errors="0" timestamp="2026-03-12T21:40:22.911Z" hostname="DESKTOP-A8CGM4F" time="23.027">
  <properties/>
  <testcase name="Тест на заполнение только обязательных полей" classname="tests.PositiveTestPracticeForm" time="4.422"/>
  <testcase name="[1] [Text Box, Check Box, Radio Button, Web Tables, Buttons, Links, Broken Links - Images, Upload and Download, Dynamic Properties]" classname="tests.PositiveTestPracticeForm" time="2.29"/>
  <testcase name="Позитивный тест с проверкой на соответсвиет полей" classname="tests.PositiveTestPracticeForm" time="3.633"/>
  <testcase name="[1] test@domain, invalid" classname="tests.PositiveTestPracticeForm" time="1.283"/>
  <testcase name="[2] no-at-symbol.com, invalid" classname="tests.PositiveTestPracticeForm" time="1.261"/>
  <testcase name="[3] testya@ya., invalid" classname="tests.PositiveTestPracticeForm" time="1.309"/>
  <testcase name="[4] test@@ya.ru, invalid" classname="tests.PositiveTestPracticeForm" time="1.237"/>
  <testcase name="[5] @@ya.ru, invalid" classname="tests.PositiveTestPracticeForm" time="1.349"/>
  <testcase name="[6] Test@.ru, invalid" classname="tests.PositiveTestPracticeForm" time="1.325"/>
  <testcase name="[1] Male" classname="tests.PositiveTestPracticeForm" time="1.866"/>
  <testcase name="[2] Female" classname="tests.PositiveTestPracticeForm" time="1.57"/>
  <testcase name="[3] Other" classname="tests.PositiveTestPracticeForm" time="1.406"/>
  <system-out><![CDATA[]]></system-out>
  <system-err><![CDATA[[Test worker] INFO com.codeborne.selenide.WebDriverThreadLocalContainer - No webdriver is bound to current thread: 1 - let's create a new webdriver
мар. 13, 2026 12:40:24 AM org.openqa.selenium.devtools.CdpVersionFinder findNearestMatch
WARNING: Unable to find an exact match for CDP version 145, returning the closest version; found: 144; Please update to a Selenium version that supports CDP version 145
[Test worker] INFO com.codeborne.selenide.webdriver.WebDriverFactory - Selenide 7.14.0 / Selenium 4.40.0 / chrome 145.0.7632.160 windows
]]></system-err>
</testsuite>
